@1  netspeed (jzili, 17.9, 1.2)
	ping (jzilic, 100.2)
	packet (jzili, 1, 25)
@5  packet (jzili, 1, 15)
@10 netspeed (jzili, 15.9, 4.2)
	packet (jzili, 1, 25)
@15 packet (jzili, 1, 35)
@17 ping (jzili, 50.2)
@20 netspeed (jzili, 17.9, 6.2)
	ping (jzili, 90.2)
	packet (jzili, 1, 40)
@25 packet (jzili, 1, 30)
@30 netspeed (jzili, 15.2, 3.2)
	packet (jzili, 1, 100)
@40 netspeed (jzili, 17.9, 4.2)
	ping (jzili, 98.2)
	packet (jzili, 0, 0)
@50 netspeed (jzili, 20.0, 5.0)
	ping (jzili, 100.2)
@55 packet (jzili, 1, 105)
@60 netspeed (jzili, 25.0, 1.0) 
	ping (jzili, 150.1)
	packet (jzili, 1, 114)
@65 packet (jzili, 1, 90)
@70 packet (jzili, 1, 110)
@75 packet (jzili, 1, 113)
@76 packet (jzili, 0, 0)
@77 packet (jzili, 0, 0)
@78 packet (jzili, 0, 0)
@79 packet (jzili, 0, 0)
