@1 comp (jzili,92.5, 0.0, 0.0, 2, 2200)
@5 comp (jzili,98.2, 5.0, 5.0, 2, 2200)
@10 comp (jzili,95.4, 10.0, 0.0, 2, 2200)
@15 comp (jzili,88.5, 15.0, 15.0, 2, 2200)
@20 comp (jzili,89.5, 20.0, 15.0, 2, 2200)
@25 comp (jzili,90.5, 25.0, 20.0, 2, 2200)
@30 comp (jzili,99.8, 30.0, 35.0, 2, 2200)
@35 comp (jzili,80.5, 99.0, 22.0, 2, 2200)
@40 comp (jzili,20.5, 99.0, 35.0, 2, 2200)
@45 comp (jzili,10.5, 99.0, 35.0, 2, 2200)
@50 comp (jzili,34.5, 99.0, 44.0, 2, 2200)
@55 comp (jzili,40.5, 99.0, 35.0, 2, 2200)
@60 comp (jzili,70.5, 99.0, 35.0, 2, 2200)
@65 comp (jzili,70.5, 99.0, 35.0, 2, 2200)
@70 comp (jzili,70.5, 95.0, 35.0, 2, 2200)
@75 comp (jzili,70.5, 95.0, 35.0, 2, 2200)
@80 comp (jzili,70.5, 95.0, 35.0, 2, 2200)
@85 comp (jzili,70.5, 95.0, 35.0, 2, 2200)
@90 comp (jzili,70.5, 95.0, 35.0, 2, 2200)
@95 comp (jzili,70.5, 92.0, 35.0, 2, 2200)
